# JRE version: OpenJDK Runtime Environment Temurin-17.0.6+10 (17.0.6+10) (build 17.0.6+10)
# Java VM: OpenJDK 64-Bit Server VM Temurin-17.0.6+10 (17.0.6+10, mixed mode, tiered, compressed oops, compressed class ptrs, g1 gc, windows-amd64)
GC Precious Log:
 CPUs: 8 total, 8 available
 Memory: 16086M
 Large Page Support: Disabled
 NUMA Support: Disabled
 Compressed Oops: Enabled (Zero based)
 Heap Region Size: 2M
 Heap Min Capacity: 8M
 Heap Initial Capacity: 252M
 Heap Max Capacity: 4022M
 Pre-touch: Disabled
 Parallel Workers: 8
 Concurrent Workers: 2
 Concurrent Refinement Workers: 8
 Periodic GC: Disabled
Heap:
 garbage-first heap   total 49152K, used 25277K [0x0000000704a00000, 0x0000000800000000)
  region size 2048K, 2 young (4096K), 1 survivors (2048K)
 Metaspace       used 41096K, committed 41472K, reserved 1089536K
  class space    used 4825K, committed 4992K, reserved 1048576K
GC Heap History (18 events):
Event: 0.923 GC heap before
{Heap before GC invocations=0 (full 0):
 garbage-first heap   total 258048K, used 20480K [0x0000000704a00000, 0x0000000800000000)
  region size 2048K, 11 young (22528K), 0 survivors (0K)
 Metaspace       used 13326K, committed 13504K, reserved 1064960K
  class space    used 1282K, committed 1344K, reserved 1048576K
}
Event: 0.928 GC heap after
{Heap after GC invocations=1 (full 0):
 garbage-first heap   total 258048K, used 8256K [0x0000000704a00000, 0x0000000800000000)
  region size 2048K, 2 young (4096K), 2 survivors (4096K)
 Metaspace       used 13326K, committed 13504K, reserved 1064960K
  class space    used 1282K, committed 1344K, reserved 1048576K
}
Event: 1.311 GC heap before
{Heap before GC invocations=1 (full 0):
 garbage-first heap   total 258048K, used 28736K [0x0000000704a00000, 0x0000000800000000)
  region size 2048K, 12 young (24576K), 2 survivors (4096K)
 Metaspace       used 18348K, committed 18560K, reserved 1073152K
  class space    used 1877K, committed 1984K, reserved 1048576K
}
Event: 1.314 GC heap after
{Heap after GC invocations=2 (full 0):
 garbage-first heap   total 258048K, used 10010K [0x0000000704a00000, 0x0000000800000000)
  region size 2048K, 1 young (2048K), 1 survivors (2048K)
 Metaspace       used 18348K, committed 18560K, reserved 1073152K
  class space    used 1877K, committed 1984K, reserved 1048576K
}
Event: 1.522 GC heap before
{Heap before GC invocations=2 (full 0):
 garbage-first heap   total 258048K, used 18202K [0x0000000704a00000, 0x0000000800000000)
  region size 2048K, 6 young (12288K), 1 survivors (2048K)
 Metaspace       used 21272K, committed 21504K, reserved 1073152K
  class space    used 2175K, committed 2304K, reserved 1048576K
}
Event: 1.527 GC heap after
{Heap after GC invocations=3 (full 0):
 garbage-first heap   total 258048K, used 11579K [0x0000000704a00000, 0x0000000800000000)
  region size 2048K, 2 young (4096K), 2 survivors (4096K)
 Metaspace       used 21272K, committed 21504K, reserved 1073152K
  class space    used 2175K, committed 2304K, reserved 1048576K
}
Event: 2.085 GC heap before
{Heap before GC invocations=4 (full 0):
 garbage-first heap   total 49152K, used 32059K [0x0000000704a00000, 0x0000000800000000)
  region size 2048K, 13 young (26624K), 2 survivors (4096K)
 Metaspace       used 25640K, committed 25920K, reserved 1073152K
  class space    used 2694K, committed 2816K, reserved 1048576K
}
Event: 2.091 GC heap after
{Heap after GC invocations=5 (full 0):
 garbage-first heap   total 49152K, used 14675K [0x0000000704a00000, 0x0000000800000000)
  region size 2048K, 4 young (8192K), 4 survivors (8192K)
 Metaspace       used 25640K, committed 25920K, reserved 1073152K
  class space    used 2694K, committed 2816K, reserved 1048576K
}
Event: 2.779 GC heap before
{Heap before GC invocations=5 (full 0):
 garbage-first heap   total 49152K, used 26963K [0x0000000704a00000, 0x0000000800000000)
  region size 2048K, 11 young (22528K), 4 survivors (8192K)
 Metaspace       used 29874K, committed 30144K, reserved 1081344K
  class space    used 3284K, committed 3456K, reserved 1048576K
}
Event: 2.785 GC heap after
{Heap after GC invocations=6 (full 0):
 garbage-first heap   total 49152K, used 15551K [0x0000000704a00000, 0x0000000800000000)
  region size 2048K, 1 young (2048K), 1 survivors (2048K)
 Metaspace       used 29874K, committed 30144K, reserved 1081344K
  class space    used 3284K, committed 3456K, reserved 1048576K
}
Event: 3.358 GC heap before
{Heap before GC invocations=6 (full 0):
 garbage-first heap   total 49152K, used 31935K [0x0000000704a00000, 0x0000000800000000)
  region size 2048K, 9 young (18432K), 1 survivors (2048K)
 Metaspace       used 34438K, committed 34688K, reserved 1081344K
  class space    used 3878K, committed 3968K, reserved 1048576K
}
Event: 3.361 GC heap after
{Heap after GC invocations=7 (full 0):
 garbage-first heap   total 49152K, used 16698K [0x0000000704a00000, 0x0000000800000000)
  region size 2048K, 2 young (4096K), 2 survivors (4096K)
 Metaspace       used 34438K, committed 34688K, reserved 1081344K
  class space    used 3878K, committed 3968K, reserved 1048576K
}
Event: 3.507 GC heap before
{Heap before GC invocations=7 (full 0):
 garbage-first heap   total 49152K, used 20794K [0x0000000704a00000, 0x0000000800000000)
  region size 2048K, 5 young (10240K), 2 survivors (4096K)
 Metaspace       used 35762K, committed 35968K, reserved 1081344K
  class space    used 4060K, committed 4160K, reserved 1048576K
}
Event: 3.509 GC heap after
{Heap after GC invocations=8 (full 0):
 garbage-first heap   total 49152K, used 16985K [0x0000000704a00000, 0x0000000800000000)
  region size 2048K, 1 young (2048K), 1 survivors (2048K)
 Metaspace       used 35762K, committed 35968K, reserved 1081344K
  class space    used 4060K, committed 4160K, reserved 1048576K
}
Event: 21.625 GC heap before
{Heap before GC invocations=9 (full 0):
 garbage-first heap   total 49152K, used 39513K [0x0000000704a00000, 0x0000000800000000)
  region size 2048K, 9 young (18432K), 1 survivors (2048K)
 Metaspace       used 39282K, committed 39552K, reserved 1089536K
  class space    used 4566K, committed 4672K, reserved 1048576K
}
Event: 21.632 GC heap after
{Heap after GC invocations=10 (full 0):
 garbage-first heap   total 49152K, used 24343K [0x0000000704a00000, 0x0000000800000000)
  region size 2048K, 2 young (4096K), 2 survivors (4096K)
 Metaspace       used 39282K, committed 39552K, reserved 1089536K
  class space    used 4566K, committed 4672K, reserved 1048576K
}
Event: 22.149 GC heap before
{Heap before GC invocations=10 (full 0):
 garbage-first heap   total 49152K, used 34583K [0x0000000704a00000, 0x0000000800000000)
  region size 2048K, 7 young (14336K), 2 survivors (4096K)
 Metaspace       used 41034K, committed 41344K, reserved 1089536K
  class space    used 4820K, committed 4992K, reserved 1048576K
}
Event: 22.157 GC heap after
{Heap after GC invocations=11 (full 0):
 garbage-first heap   total 49152K, used 25277K [0x0000000704a00000, 0x0000000800000000)
  region size 2048K, 1 young (2048K), 1 survivors (2048K)
 Metaspace       used 41034K, committed 41344K, reserved 1089536K
  class space    used 4820K, committed 4992K, reserved 1048576K
}

